<?xml version="1.0" encoding="utf-8"?><testsuites name="pytest tests"><testsuite name="pytest" errors="0" failures="0" skipped="0" tests="5" time="1.020" timestamp="2025-11-12T16:30:15.631157+00:00" hostname="cdfcbf62a1e0"><testcase classname="tests.test_recommender" name="test_00_health_and_reload" time="0.219" /><testcase classname="tests.test_recommender" name="test_01_candidates_basic" time="0.010" /><testcase classname="tests.test_recommender" name="test_02_rank_no_prefs_returns_general_top" time="0.009" /><testcase classname="tests.test_recommender" name="test_03_prefs_strict_filter_only_matching_categories" time="0.012" /><testcase classname="tests.test_recommender" name="test_04_prefs_no_match_returns_empty_list" time="0.010" /></testsuite></testsuites>